<?xml version="1.0" encoding="UTF-8"?>
<testng-results ignored="0" total="2" passed="2" failed="0" skipped="0">
  <reporter-output>
  </reporter-output>
  <suite started-at="2024-04-29T13:38:24 BDT" name="Parameterized Suite" finished-at="2024-04-29T13:38:56 BDT" duration-ms="31612">
    <groups>
    </groups>
    <test started-at="2024-04-29T13:38:24 BDT" name="Automation" finished-at="2024-04-29T13:38:56 BDT" duration-ms="31612">
      <class name="tests.LoginTest">
        <test-method is-config="true" signature="openUrl(java.lang.String,java.lang.String,java.lang.String)[pri:0, instance:tests.LoginTest@4b741d6d]" started-at="2024-04-29T13:38:46 BDT" name="openUrl" finished-at="2024-04-29T13:38:52 BDT" duration-ms="5760" status="PASS">
          <params>
            <param index="0">
              <value>
                <![CDATA[https://www.tutorialspoint.com/selenium/practice/login.php]]>
              </value>
            </param>
            <param index="1">
              <value>
                <![CDATA[chrome]]>
              </value>
            </param>
            <param index="2">
              <value>
                <![CDATA[false]]>
              </value>
            </param>
          </params>
          <reporter-output>
          </reporter-output>
        </test-method> <!-- openUrl -->
        <test-method signature="loginTest()[pri:0, instance:tests.LoginTest@4b741d6d]" started-at="2024-04-29T13:38:52 BDT" name="loginTest" finished-at="2024-04-29T13:38:56 BDT" duration-ms="3593" status="PASS">
          <reporter-output>
          </reporter-output>
        </test-method> <!-- loginTest -->
        <test-method is-config="true" signature="afterClass()[pri:0, instance:tests.LoginTest@4b741d6d]" started-at="2024-04-29T13:38:56 BDT" name="afterClass" finished-at="2024-04-29T13:38:56 BDT" duration-ms="306" status="PASS">
          <reporter-output>
          </reporter-output>
        </test-method> <!-- afterClass -->
      </class> <!-- tests.LoginTest -->
      <class name="tests.RegistrationTest">
        <test-method is-config="true" signature="openUrl(java.lang.String,java.lang.String,java.lang.String)[pri:0, instance:tests.RegistrationTest@2e8c1c9b]" started-at="2024-04-29T13:38:25 BDT" name="openUrl" finished-at="2024-04-29T13:38:40 BDT" duration-ms="15234" status="PASS">
          <params>
            <param index="0">
              <value>
                <![CDATA[https://www.tutorialspoint.com/selenium/practice/register.php]]>
              </value>
            </param>
            <param index="1">
              <value>
                <![CDATA[chrome]]>
              </value>
            </param>
            <param index="2">
              <value>
                <![CDATA[false]]>
              </value>
            </param>
          </params>
          <reporter-output>
          </reporter-output>
        </test-method> <!-- openUrl -->
        <test-method signature="registrationTest()[pri:0, instance:tests.RegistrationTest@2e8c1c9b]" started-at="2024-04-29T13:38:40 BDT" name="registrationTest" finished-at="2024-04-29T13:38:46 BDT" duration-ms="5853" status="PASS">
          <reporter-output>
          </reporter-output>
        </test-method> <!-- registrationTest -->
        <test-method is-config="true" signature="afterClass()[pri:0, instance:tests.RegistrationTest@2e8c1c9b]" started-at="2024-04-29T13:38:46 BDT" name="afterClass" finished-at="2024-04-29T13:38:46 BDT" duration-ms="764" status="PASS">
          <reporter-output>
          </reporter-output>
        </test-method> <!-- afterClass -->
      </class> <!-- tests.RegistrationTest -->
    </test> <!-- Automation -->
  </suite> <!-- Parameterized Suite -->
</testng-results>
